
> react-typescript-starter@0.1.0 test
> react-scripts test "--coverage"

PASS src/nested.test.ts
PASS src/arrays.test.ts
PASS src/objects.test.ts
PASS src/HtmlCss.test.tsx
PASS src/functions.test.ts
PASS src/text.test.tsx
PASS src/App.test.tsx
----------------|---------|----------|---------|---------|-------------------
File            | % Stmts | % Branch | % Funcs | % Lines | Uncovered Line #s 
----------------|---------|----------|---------|---------|-------------------
All files       |   97.88 |    91.76 |     100 |   97.84 |                   
 src            |   97.88 |    91.76 |     100 |   97.84 |                   
  App.tsx       |     100 |      100 |     100 |     100 |                   
  arrays.ts     |     100 |      100 |     100 |     100 |                   
  functions.ts  |   86.95 |    83.72 |     100 |   86.95 | 22,24,28          
  nested.ts     |     100 |      100 |     100 |     100 |                   
  objects.ts    |     100 |      100 |     100 |     100 |                   
 src/interfaces |       0 |        0 |       0 |       0 |                   
  answer.ts     |       0 |        0 |       0 |       0 |                   
  question.ts   |       0 |        0 |       0 |       0 |                   
----------------|---------|----------|---------|---------|-------------------

Test Suites: 7 passed, 7 total
Tests:       49 passed, 49 total
Snapshots:   0 total
Time:        4.392 s
Ran all test suites.
